# JRE version: OpenJDK Runtime Environment Temurin-21.0.6+7 (21.0.6+7) (build 21.0.6+7-LTS)
# Java VM: OpenJDK 64-Bit Server VM Temurin-21.0.6+7 (21.0.6+7-LTS, mixed mode, sharing, tiered, compressed oops, compressed class ptrs, parallel gc, windows-amd64)
GC Precious Log:
 CardTable entry size: 512
 CPUs: 16 total, 16 available
 Memory: 16068M
 Large Page Support: Disabled
 NUMA Support: Disabled
 Compressed Oops: Enabled (32-bit)
 Alignments: Space 512K, Generation 512K, Heap 2M
 Heap Min Capacity: 100M
 Heap Initial Capacity: 100M
 Heap Max Capacity: 1G
 Pre-touch: Disabled
 Parallel Workers: 13
Heap:
 PSYoungGen      total 8192K, used 8160K [0x00000000eab00000, 0x00000000eb780000, 0x0000000100000000)
  eden space 6656K, 100% used [0x00000000eab00000,0x00000000eb180000,0x00000000eb180000)
  from space 1536K, 97% used [0x00000000eb200000,0x00000000eb3781a0,0x00000000eb380000)
  to   space 3072K, 50% used [0x00000000eb480000,0x00000000eb605328,0x00000000eb780000)
 ParOldGen       total 113152K, used 112815K [0x00000000c0000000, 0x00000000c6e80000, 0x00000000eab00000)
  object space 113152K, 99% used [0x00000000c0000000,0x00000000c6e2bf90,0x00000000c6e80000)
 Metaspace       used 44024K, committed 45312K, reserved 1114112K
  class space    used 4497K, committed 5120K, reserved 1048576K
GC Heap History (20 events):
Event: 8.760 GC heap after
{Heap after GC invocations=51 (full 2):
 PSYoungGen      total 8704K, used 1601K [0x00000000eab00000, 0x00000000eb680000, 0x0000000100000000)
  eden space 6656K, 0% used [0x00000000eab00000,0x00000000eab00000,0x00000000eb180000)
  from space 2048K, 78% used [0x00000000eb180000,0x00000000eb310410,0x00000000eb380000)
  to   space 2560K, 0% used [0x00000000eb400000,0x00000000eb400000,0x00000000eb680000)
 ParOldGen       total 99328K, used 98884K [0x00000000c0000000, 0x00000000c6100000, 0x00000000eab00000)
  object space 99328K, 99% used [0x00000000c0000000,0x00000000c60910d0,0x00000000c6100000)
 Metaspace       used 43034K, committed 44288K, reserved 1114112K
  class space    used 4378K, committed 4992K, reserved 1048576K
}
Event: 8.803 GC heap before
{Heap before GC invocations=52 (full 2):
 PSYoungGen      total 8704K, used 8257K [0x00000000eab00000, 0x00000000eb680000, 0x0000000100000000)
  eden space 6656K, 100% used [0x00000000eab00000,0x00000000eb180000,0x00000000eb180000)
  from space 2048K, 78% used [0x00000000eb180000,0x00000000eb310410,0x00000000eb380000)
  to   space 2560K, 0% used [0x00000000eb400000,0x00000000eb400000,0x00000000eb680000)
 ParOldGen       total 99328K, used 98884K [0x00000000c0000000, 0x00000000c6100000, 0x00000000eab00000)
  object space 99328K, 99% used [0x00000000c0000000,0x00000000c60910d0,0x00000000c6100000)
 Metaspace       used 43183K, committed 44416K, reserved 1114112K
  class space    used 4396K, committed 4992K, reserved 1048576K
}
Event: 8.806 GC heap after
{Heap after GC invocations=52 (full 2):
 PSYoungGen      total 8192K, used 1536K [0x00000000eab00000, 0x00000000eb580000, 0x0000000100000000)
  eden space 6656K, 0% used [0x00000000eab00000,0x00000000eab00000,0x00000000eb180000)
  from space 1536K, 100% used [0x00000000eb400000,0x00000000eb580000,0x00000000eb580000)
  to   space 2048K, 0% used [0x00000000eb180000,0x00000000eb180000,0x00000000eb380000)
 ParOldGen       total 100352K, used 100281K [0x00000000c0000000, 0x00000000c6200000, 0x00000000eab00000)
  object space 100352K, 99% used [0x00000000c0000000,0x00000000c61ee760,0x00000000c6200000)
 Metaspace       used 43183K, committed 44416K, reserved 1114112K
  class space    used 4396K, committed 4992K, reserved 1048576K
}
Event: 8.838 GC heap before
{Heap before GC invocations=53 (full 2):
 PSYoungGen      total 8192K, used 8192K [0x00000000eab00000, 0x00000000eb580000, 0x0000000100000000)
  eden space 6656K, 100% used [0x00000000eab00000,0x00000000eb180000,0x00000000eb180000)
  from space 1536K, 100% used [0x00000000eb400000,0x00000000eb580000,0x00000000eb580000)
  to   space 2048K, 0% used [0x00000000eb180000,0x00000000eb180000,0x00000000eb380000)
 ParOldGen       total 100352K, used 100281K [0x00000000c0000000, 0x00000000c6200000, 0x00000000eab00000)
  object space 100352K, 99% used [0x00000000c0000000,0x00000000c61ee760,0x00000000c6200000)
 Metaspace       used 43260K, committed 44480K, reserved 1114112K
  class space    used 4405K, committed 4992K, reserved 1048576K
}
Event: 8.840 GC heap after
{Heap after GC invocations=53 (full 2):
 PSYoungGen      total 8704K, used 1651K [0x00000000eab00000, 0x00000000eb580000, 0x0000000100000000)
  eden space 6656K, 0% used [0x00000000eab00000,0x00000000eab00000,0x00000000eb180000)
  from space 2048K, 80% used [0x00000000eb180000,0x00000000eb31cff8,0x00000000eb380000)
  to   space 2048K, 0% used [0x00000000eb380000,0x00000000eb380000,0x00000000eb580000)
 ParOldGen       total 101888K, used 101574K [0x00000000c0000000, 0x00000000c6380000, 0x00000000eab00000)
  object space 101888K, 99% used [0x00000000c0000000,0x00000000c63318c0,0x00000000c6380000)
 Metaspace       used 43260K, committed 44480K, reserved 1114112K
  class space    used 4405K, committed 4992K, reserved 1048576K
}
Event: 8.874 GC heap before
{Heap before GC invocations=54 (full 2):
 PSYoungGen      total 8704K, used 8290K [0x00000000eab00000, 0x00000000eb580000, 0x0000000100000000)
  eden space 6656K, 99% used [0x00000000eab00000,0x00000000eb17b9b0,0x00000000eb180000)
  from space 2048K, 80% used [0x00000000eb180000,0x00000000eb31cff8,0x00000000eb380000)
  to   space 2048K, 0% used [0x00000000eb380000,0x00000000eb380000,0x00000000eb580000)
 ParOldGen       total 101888K, used 101574K [0x00000000c0000000, 0x00000000c6380000, 0x00000000eab00000)
  object space 101888K, 99% used [0x00000000c0000000,0x00000000c63318c0,0x00000000c6380000)
 Metaspace       used 43322K, committed 44608K, reserved 1114112K
  class space    used 4413K, committed 4992K, reserved 1048576K
}
Event: 8.876 GC heap after
{Heap after GC invocations=54 (full 2):
 PSYoungGen      total 8704K, used 1677K [0x00000000eab00000, 0x00000000eb580000, 0x0000000100000000)
  eden space 6656K, 0% used [0x00000000eab00000,0x00000000eab00000,0x00000000eb180000)
  from space 2048K, 81% used [0x00000000eb380000,0x00000000eb523420,0x00000000eb580000)
  to   space 2048K, 0% used [0x00000000eb180000,0x00000000eb180000,0x00000000eb380000)
 ParOldGen       total 103424K, used 103000K [0x00000000c0000000, 0x00000000c6500000, 0x00000000eab00000)
  object space 103424K, 99% used [0x00000000c0000000,0x00000000c6496088,0x00000000c6500000)
 Metaspace       used 43322K, committed 44608K, reserved 1114112K
  class space    used 4413K, committed 4992K, reserved 1048576K
}
Event: 8.903 GC heap before
{Heap before GC invocations=55 (full 2):
 PSYoungGen      total 8704K, used 8333K [0x00000000eab00000, 0x00000000eb580000, 0x0000000100000000)
  eden space 6656K, 100% used [0x00000000eab00000,0x00000000eb180000,0x00000000eb180000)
  from space 2048K, 81% used [0x00000000eb380000,0x00000000eb523420,0x00000000eb580000)
  to   space 2048K, 0% used [0x00000000eb180000,0x00000000eb180000,0x00000000eb380000)
 ParOldGen       total 103424K, used 103000K [0x00000000c0000000, 0x00000000c6500000, 0x00000000eab00000)
  object space 103424K, 99% used [0x00000000c0000000,0x00000000c6496088,0x00000000c6500000)
 Metaspace       used 43443K, committed 44736K, reserved 1114112K
  class space    used 4430K, committed 5056K, reserved 1048576K
}
Event: 8.906 GC heap after
{Heap after GC invocations=55 (full 2):
 PSYoungGen      total 8704K, used 1699K [0x00000000eab00000, 0x00000000eb580000, 0x0000000100000000)
  eden space 6656K, 0% used [0x00000000eab00000,0x00000000eab00000,0x00000000eb180000)
  from space 2048K, 82% used [0x00000000eb180000,0x00000000eb328d48,0x00000000eb380000)
  to   space 2048K, 0% used [0x00000000eb380000,0x00000000eb380000,0x00000000eb580000)
 ParOldGen       total 104960K, used 104475K [0x00000000c0000000, 0x00000000c6680000, 0x00000000eab00000)
  object space 104960K, 99% used [0x00000000c0000000,0x00000000c6606c70,0x00000000c6680000)
 Metaspace       used 43443K, committed 44736K, reserved 1114112K
  class space    used 4430K, committed 5056K, reserved 1048576K
}
Event: 8.938 GC heap before
{Heap before GC invocations=56 (full 2):
 PSYoungGen      total 8704K, used 8355K [0x00000000eab00000, 0x00000000eb580000, 0x0000000100000000)
  eden space 6656K, 100% used [0x00000000eab00000,0x00000000eb180000,0x00000000eb180000)
  from space 2048K, 82% used [0x00000000eb180000,0x00000000eb328d48,0x00000000eb380000)
  to   space 2048K, 0% used [0x00000000eb380000,0x00000000eb380000,0x00000000eb580000)
 ParOldGen       total 104960K, used 104475K [0x00000000c0000000, 0x00000000c6680000, 0x00000000eab00000)
  object space 104960K, 99% used [0x00000000c0000000,0x00000000c6606c70,0x00000000c6680000)
 Metaspace       used 43634K, committed 44928K, reserved 1114112K
  class space    used 4446K, committed 5056K, reserved 1048576K
}
Event: 8.940 GC heap after
{Heap after GC invocations=56 (full 2):
 PSYoungGen      total 8704K, used 1497K [0x00000000eab00000, 0x00000000eb580000, 0x0000000100000000)
  eden space 6656K, 0% used [0x00000000eab00000,0x00000000eab00000,0x00000000eb180000)
  from space 2048K, 73% used [0x00000000eb380000,0x00000000eb4f6488,0x00000000eb580000)
  to   space 2048K, 0% used [0x00000000eb180000,0x00000000eb180000,0x00000000eb380000)
 ParOldGen       total 105984K, used 105887K [0x00000000c0000000, 0x00000000c6780000, 0x00000000eab00000)
  object space 105984K, 99% used [0x00000000c0000000,0x00000000c6767e40,0x00000000c6780000)
 Metaspace       used 43634K, committed 44928K, reserved 1114112K
  class space    used 4446K, committed 5056K, reserved 1048576K
}
Event: 8.965 GC heap before
{Heap before GC invocations=57 (full 2):
 PSYoungGen      total 8704K, used 8140K [0x00000000eab00000, 0x00000000eb580000, 0x0000000100000000)
  eden space 6656K, 99% used [0x00000000eab00000,0x00000000eb17cda8,0x00000000eb180000)
  from space 2048K, 73% used [0x00000000eb380000,0x00000000eb4f6488,0x00000000eb580000)
  to   space 2048K, 0% used [0x00000000eb180000,0x00000000eb180000,0x00000000eb380000)
 ParOldGen       total 105984K, used 105887K [0x00000000c0000000, 0x00000000c6780000, 0x00000000eab00000)
  object space 105984K, 99% used [0x00000000c0000000,0x00000000c6767e40,0x00000000c6780000)
 Metaspace       used 43718K, committed 44992K, reserved 1114112K
  class space    used 4455K, committed 5056K, reserved 1048576K
}
Event: 8.967 GC heap after
{Heap after GC invocations=57 (full 2):
 PSYoungGen      total 8704K, used 1722K [0x00000000eab00000, 0x00000000eb580000, 0x0000000100000000)
  eden space 6656K, 0% used [0x00000000eab00000,0x00000000eab00000,0x00000000eb180000)
  from space 2048K, 84% used [0x00000000eb180000,0x00000000eb32eb58,0x00000000eb380000)
  to   space 2048K, 0% used [0x00000000eb380000,0x00000000eb380000,0x00000000eb580000)
 ParOldGen       total 107520K, used 107208K [0x00000000c0000000, 0x00000000c6900000, 0x00000000eab00000)
  object space 107520K, 99% used [0x00000000c0000000,0x00000000c68b2238,0x00000000c6900000)
 Metaspace       used 43718K, committed 44992K, reserved 1114112K
  class space    used 4455K, committed 5056K, reserved 1048576K
}
Event: 9.012 GC heap before
{Heap before GC invocations=58 (full 2):
 PSYoungGen      total 8704K, used 8378K [0x00000000eab00000, 0x00000000eb580000, 0x0000000100000000)
  eden space 6656K, 100% used [0x00000000eab00000,0x00000000eb180000,0x00000000eb180000)
  from space 2048K, 84% used [0x00000000eb180000,0x00000000eb32eb58,0x00000000eb380000)
  to   space 2048K, 0% used [0x00000000eb380000,0x00000000eb380000,0x00000000eb580000)
 ParOldGen       total 107520K, used 107208K [0x00000000c0000000, 0x00000000c6900000, 0x00000000eab00000)
  object space 107520K, 99% used [0x00000000c0000000,0x00000000c68b2238,0x00000000c6900000)
 Metaspace       used 43834K, committed 45120K, reserved 1114112K
  class space    used 4466K, committed 5056K, reserved 1048576K
}
Event: 9.016 GC heap after
{Heap after GC invocations=58 (full 2):
 PSYoungGen      total 8192K, used 1324K [0x00000000eab00000, 0x00000000eb500000, 0x0000000100000000)
  eden space 6656K, 0% used [0x00000000eab00000,0x00000000eab00000,0x00000000eb180000)
  from space 1536K, 86% used [0x00000000eb380000,0x00000000eb4cb360,0x00000000eb500000)
  to   space 1536K, 0% used [0x00000000eb200000,0x00000000eb200000,0x00000000eb380000)
 ParOldGen       total 110592K, used 110470K [0x00000000c0000000, 0x00000000c6c00000, 0x00000000eab00000)
  object space 110592K, 99% used [0x00000000c0000000,0x00000000c6be19a0,0x00000000c6c00000)
 Metaspace       used 43834K, committed 45120K, reserved 1114112K
  class space    used 4466K, committed 5056K, reserved 1048576K
}
Event: 9.042 GC heap before
{Heap before GC invocations=59 (full 2):
 PSYoungGen      total 8192K, used 7980K [0x00000000eab00000, 0x00000000eb500000, 0x0000000100000000)
  eden space 6656K, 100% used [0x00000000eab00000,0x00000000eb180000,0x00000000eb180000)
  from space 1536K, 86% used [0x00000000eb380000,0x00000000eb4cb360,0x00000000eb500000)
  to   space 1536K, 0% used [0x00000000eb200000,0x00000000eb200000,0x00000000eb380000)
 ParOldGen       total 110592K, used 110470K [0x00000000c0000000, 0x00000000c6c00000, 0x00000000eab00000)
  object space 110592K, 99% used [0x00000000c0000000,0x00000000c6be19a0,0x00000000c6c00000)
 Metaspace       used 43913K, committed 45184K, reserved 1114112K
  class space    used 4480K, committed 5056K, reserved 1048576K
}
Event: 9.044 GC heap after
{Heap after GC invocations=59 (full 2):
 PSYoungGen      total 8192K, used 1504K [0x00000000eab00000, 0x00000000eb780000, 0x0000000100000000)
  eden space 6656K, 0% used [0x00000000eab00000,0x00000000eab00000,0x00000000eb180000)
  from space 1536K, 97% used [0x00000000eb200000,0x00000000eb3781a0,0x00000000eb380000)
  to   space 3072K, 0% used [0x00000000eb480000,0x00000000eb480000,0x00000000eb780000)
 ParOldGen       total 112128K, used 111710K [0x00000000c0000000, 0x00000000c6d80000, 0x00000000eab00000)
  object space 112128K, 99% used [0x00000000c0000000,0x00000000c6d17b90,0x00000000c6d80000)
 Metaspace       used 43913K, committed 45184K, reserved 1114112K
  class space    used 4480K, committed 5056K, reserved 1048576K
}
Event: 9.076 GC heap before
{Heap before GC invocations=60 (full 2):
 PSYoungGen      total 8192K, used 8160K [0x00000000eab00000, 0x00000000eb780000, 0x0000000100000000)
  eden space 6656K, 100% used [0x00000000eab00000,0x00000000eb180000,0x00000000eb180000)
  from space 1536K, 97% used [0x00000000eb200000,0x00000000eb3781a0,0x00000000eb380000)
  to   space 3072K, 0% used [0x00000000eb480000,0x00000000eb480000,0x00000000eb780000)
 ParOldGen       total 112128K, used 111710K [0x00000000c0000000, 0x00000000c6d80000, 0x00000000eab00000)
  object space 112128K, 99% used [0x00000000c0000000,0x00000000c6d17b90,0x00000000c6d80000)
 Metaspace       used 44024K, committed 45312K, reserved 1114112K
  class space    used 4497K, committed 5120K, reserved 1048576K
}
Event: 9.079 GC heap after
{Heap after GC invocations=60 (full 2):
 PSYoungGen      total 8192K, used 8160K [0x00000000eab00000, 0x00000000eb780000, 0x0000000100000000)
  eden space 6656K, 100% used [0x00000000eab00000,0x00000000eb180000,0x00000000eb180000)
  from space 1536K, 97% used [0x00000000eb200000,0x00000000eb3781a0,0x00000000eb380000)
  to   space 3072K, 50% used [0x00000000eb480000,0x00000000eb605328,0x00000000eb780000)
 ParOldGen       total 113152K, used 112815K [0x00000000c0000000, 0x00000000c6e80000, 0x00000000eab00000)
  object space 113152K, 99% used [0x00000000c0000000,0x00000000c6e2bf90,0x00000000c6e80000)
 Metaspace       used 44024K, committed 45312K, reserved 1114112K
  class space    used 4497K, committed 5120K, reserved 1048576K
}
Event: 9.079 GC heap before
{Heap before GC invocations=61 (full 3):
 PSYoungGen      total 8192K, used 8160K [0x00000000eab00000, 0x00000000eb780000, 0x0000000100000000)
  eden space 6656K, 100% used [0x00000000eab00000,0x00000000eb180000,0x00000000eb180000)
  from space 1536K, 97% used [0x00000000eb200000,0x00000000eb3781a0,0x00000000eb380000)
  to   space 3072K, 50% used [0x00000000eb480000,0x00000000eb605328,0x00000000eb780000)
 ParOldGen       total 113152K, used 112815K [0x00000000c0000000, 0x00000000c6e80000, 0x00000000eab00000)
  object space 113152K, 99% used [0x00000000c0000000,0x00000000c6e2bf90,0x00000000c6e80000)
 Metaspace       used 44024K, committed 45312K, reserved 1114112K
  class space    used 4497K, committed 5120K, reserved 1048576K
}

