# JRE version: OpenJDK Runtime Environment Temurin-21.0.6+7 (21.0.6+7) (build 21.0.6+7-LTS)
# Java VM: OpenJDK 64-Bit Server VM Temurin-21.0.6+7 (21.0.6+7-LTS, mixed mode, sharing, tiered, compressed oops, compressed class ptrs, parallel gc, windows-amd64)
GC Precious Log:
 CardTable entry size: 512
 CPUs: 16 total, 16 available
 Memory: 16068M
 Large Page Support: Disabled
 NUMA Support: Disabled
 Compressed Oops: Enabled (32-bit)
 Alignments: Space 512K, Generation 512K, Heap 2M
 Heap Min Capacity: 100M
 Heap Initial Capacity: 100M
 Heap Max Capacity: 1G
 Pre-touch: Disabled
 Parallel Workers: 13
Heap:
 PSYoungGen      total 4608K, used 4596K [0x00000000eab00000, 0x00000000eb080000, 0x0000000100000000)
  eden space 3584K, 100% used [0x00000000eab00000,0x00000000eae80000,0x00000000eae80000)
  from space 1024K, 98% used [0x00000000eae80000,0x00000000eaf7d190,0x00000000eaf80000)
  to   space 1024K, 73% used [0x00000000eaf80000,0x00000000eb03c010,0x00000000eb080000)
 ParOldGen       total 239104K, used 209014K [0x00000000c0000000, 0x00000000ce980000, 0x00000000eab00000)
  object space 239104K, 87% used [0x00000000c0000000,0x00000000ccc1db40,0x00000000ce980000)
 Metaspace       used 58562K, committed 59904K, reserved 1114112K
  class space    used 6109K, committed 6720K, reserved 1048576K
GC Heap History (20 events):
Event: 34.646 GC heap before
{Heap before GC invocations=184 (full 3):
 PSYoungGen      total 3584K, used 2559K [0x00000000eab00000, 0x00000000eaf80000, 0x0000000100000000)
  eden space 2560K, 99% used [0x00000000eab00000,0x00000000ead7fff0,0x00000000ead80000)
  from space 1024K, 0% used [0x00000000eae80000,0x00000000eae80000,0x00000000eaf80000)
  to   space 1024K, 0% used [0x00000000ead80000,0x00000000ead80000,0x00000000eae80000)
 ParOldGen       total 239104K, used 201785K [0x00000000c0000000, 0x00000000ce980000, 0x00000000eab00000)
  object space 239104K, 84% used [0x00000000c0000000,0x00000000cc50e480,0x00000000ce980000)
 Metaspace       used 58449K, committed 59776K, reserved 1114112K
  class space    used 6102K, committed 6656K, reserved 1048576K
}
Event: 34.647 GC heap after
{Heap after GC invocations=184 (full 3):
 PSYoungGen      total 3584K, used 837K [0x00000000eab00000, 0x00000000eb000000, 0x0000000100000000)
  eden space 2560K, 0% used [0x00000000eab00000,0x00000000eab00000,0x00000000ead80000)
  from space 1024K, 81% used [0x00000000ead80000,0x00000000eae516a8,0x00000000eae80000)
  to   space 1024K, 0% used [0x00000000eaf00000,0x00000000eaf00000,0x00000000eb000000)
 ParOldGen       total 239104K, used 201785K [0x00000000c0000000, 0x00000000ce980000, 0x00000000eab00000)
  object space 239104K, 84% used [0x00000000c0000000,0x00000000cc50e480,0x00000000ce980000)
 Metaspace       used 58449K, committed 59776K, reserved 1114112K
  class space    used 6102K, committed 6656K, reserved 1048576K
}
Event: 34.709 GC heap before
{Heap before GC invocations=185 (full 3):
 PSYoungGen      total 3584K, used 3397K [0x00000000eab00000, 0x00000000eb000000, 0x0000000100000000)
  eden space 2560K, 100% used [0x00000000eab00000,0x00000000ead80000,0x00000000ead80000)
  from space 1024K, 81% used [0x00000000ead80000,0x00000000eae516a8,0x00000000eae80000)
  to   space 1024K, 0% used [0x00000000eaf00000,0x00000000eaf00000,0x00000000eb000000)
 ParOldGen       total 239104K, used 201785K [0x00000000c0000000, 0x00000000ce980000, 0x00000000eab00000)
  object space 239104K, 84% used [0x00000000c0000000,0x00000000cc50e480,0x00000000ce980000)
 Metaspace       used 58471K, committed 59776K, reserved 1114112K
  class space    used 6102K, committed 6656K, reserved 1048576K
}
Event: 34.712 GC heap after
{Heap after GC invocations=185 (full 3):
 PSYoungGen      total 3584K, used 1023K [0x00000000eab00000, 0x00000000eb000000, 0x0000000100000000)
  eden space 2560K, 0% used [0x00000000eab00000,0x00000000eab00000,0x00000000ead80000)
  from space 1024K, 99% used [0x00000000eaf00000,0x00000000eafffe88,0x00000000eb000000)
  to   space 1024K, 0% used [0x00000000ead80000,0x00000000ead80000,0x00000000eae80000)
 ParOldGen       total 239104K, used 201910K [0x00000000c0000000, 0x00000000ce980000, 0x00000000eab00000)
  object space 239104K, 84% used [0x00000000c0000000,0x00000000cc52db10,0x00000000ce980000)
 Metaspace       used 58471K, committed 59776K, reserved 1114112K
  class space    used 6102K, committed 6656K, reserved 1048576K
}
Event: 34.737 GC heap before
{Heap before GC invocations=186 (full 3):
 PSYoungGen      total 3584K, used 3583K [0x00000000eab00000, 0x00000000eb000000, 0x0000000100000000)
  eden space 2560K, 100% used [0x00000000eab00000,0x00000000ead80000,0x00000000ead80000)
  from space 1024K, 99% used [0x00000000eaf00000,0x00000000eafffe88,0x00000000eb000000)
  to   space 1024K, 0% used [0x00000000ead80000,0x00000000ead80000,0x00000000eae80000)
 ParOldGen       total 239104K, used 201910K [0x00000000c0000000, 0x00000000ce980000, 0x00000000eab00000)
  object space 239104K, 84% used [0x00000000c0000000,0x00000000cc52db10,0x00000000ce980000)
 Metaspace       used 58476K, committed 59776K, reserved 1114112K
  class space    used 6103K, committed 6656K, reserved 1048576K
}
Event: 34.738 GC heap after
{Heap after GC invocations=186 (full 3):
 PSYoungGen      total 3584K, used 662K [0x00000000eab00000, 0x00000000eb000000, 0x0000000100000000)
  eden space 2560K, 0% used [0x00000000eab00000,0x00000000eab00000,0x00000000ead80000)
  from space 1024K, 64% used [0x00000000ead80000,0x00000000eae25a30,0x00000000eae80000)
  to   space 1024K, 0% used [0x00000000eaf00000,0x00000000eaf00000,0x00000000eb000000)
 ParOldGen       total 239104K, used 202834K [0x00000000c0000000, 0x00000000ce980000, 0x00000000eab00000)
  object space 239104K, 84% used [0x00000000c0000000,0x00000000cc614860,0x00000000ce980000)
 Metaspace       used 58476K, committed 59776K, reserved 1114112K
  class space    used 6103K, committed 6656K, reserved 1048576K
}
Event: 34.759 GC heap before
{Heap before GC invocations=187 (full 3):
 PSYoungGen      total 3584K, used 3222K [0x00000000eab00000, 0x00000000eb000000, 0x0000000100000000)
  eden space 2560K, 100% used [0x00000000eab00000,0x00000000ead80000,0x00000000ead80000)
  from space 1024K, 64% used [0x00000000ead80000,0x00000000eae25a30,0x00000000eae80000)
  to   space 1024K, 0% used [0x00000000eaf00000,0x00000000eaf00000,0x00000000eb000000)
 ParOldGen       total 239104K, used 202834K [0x00000000c0000000, 0x00000000ce980000, 0x00000000eab00000)
  object space 239104K, 84% used [0x00000000c0000000,0x00000000cc614860,0x00000000ce980000)
 Metaspace       used 58493K, committed 59776K, reserved 1114112K
  class space    used 6105K, committed 6656K, reserved 1048576K
}
Event: 34.761 GC heap after
{Heap after GC invocations=187 (full 3):
 PSYoungGen      total 3584K, used 998K [0x00000000eab00000, 0x00000000eb000000, 0x0000000100000000)
  eden space 2560K, 0% used [0x00000000eab00000,0x00000000eab00000,0x00000000ead80000)
  from space 1024K, 97% used [0x00000000eaf00000,0x00000000eaff9b30,0x00000000eb000000)
  to   space 1024K, 0% used [0x00000000ead80000,0x00000000ead80000,0x00000000eae80000)
 ParOldGen       total 239104K, used 202873K [0x00000000c0000000, 0x00000000ce980000, 0x00000000eab00000)
  object space 239104K, 84% used [0x00000000c0000000,0x00000000cc61e6a0,0x00000000ce980000)
 Metaspace       used 58493K, committed 59776K, reserved 1114112K
  class space    used 6105K, committed 6656K, reserved 1048576K
}
Event: 34.773 GC heap before
{Heap before GC invocations=188 (full 3):
 PSYoungGen      total 3584K, used 3558K [0x00000000eab00000, 0x00000000eb000000, 0x0000000100000000)
  eden space 2560K, 100% used [0x00000000eab00000,0x00000000ead80000,0x00000000ead80000)
  from space 1024K, 97% used [0x00000000eaf00000,0x00000000eaff9b30,0x00000000eb000000)
  to   space 1024K, 0% used [0x00000000ead80000,0x00000000ead80000,0x00000000eae80000)
 ParOldGen       total 239104K, used 202873K [0x00000000c0000000, 0x00000000ce980000, 0x00000000eab00000)
  object space 239104K, 84% used [0x00000000c0000000,0x00000000cc61e6a0,0x00000000ce980000)
 Metaspace       used 58498K, committed 59776K, reserved 1114112K
  class space    used 6105K, committed 6656K, reserved 1048576K
}
Event: 34.775 GC heap after
{Heap after GC invocations=188 (full 3):
 PSYoungGen      total 3584K, used 672K [0x00000000eab00000, 0x00000000eb000000, 0x0000000100000000)
  eden space 2560K, 0% used [0x00000000eab00000,0x00000000eab00000,0x00000000ead80000)
  from space 1024K, 65% used [0x00000000ead80000,0x00000000eae28000,0x00000000eae80000)
  to   space 1024K, 0% used [0x00000000eaf00000,0x00000000eaf00000,0x00000000eb000000)
 ParOldGen       total 239104K, used 203755K [0x00000000c0000000, 0x00000000ce980000, 0x00000000eab00000)
  object space 239104K, 85% used [0x00000000c0000000,0x00000000cc6faea0,0x00000000ce980000)
 Metaspace       used 58498K, committed 59776K, reserved 1114112K
  class space    used 6105K, committed 6656K, reserved 1048576K
}
Event: 34.787 GC heap before
{Heap before GC invocations=189 (full 3):
 PSYoungGen      total 3584K, used 3232K [0x00000000eab00000, 0x00000000eb000000, 0x0000000100000000)
  eden space 2560K, 100% used [0x00000000eab00000,0x00000000ead80000,0x00000000ead80000)
  from space 1024K, 65% used [0x00000000ead80000,0x00000000eae28000,0x00000000eae80000)
  to   space 1024K, 0% used [0x00000000eaf00000,0x00000000eaf00000,0x00000000eb000000)
 ParOldGen       total 239104K, used 203755K [0x00000000c0000000, 0x00000000ce980000, 0x00000000eab00000)
  object space 239104K, 85% used [0x00000000c0000000,0x00000000cc6faea0,0x00000000ce980000)
 Metaspace       used 58513K, committed 59904K, reserved 1114112K
  class space    used 6107K, committed 6720K, reserved 1048576K
}
Event: 34.789 GC heap after
{Heap after GC invocations=189 (full 3):
 PSYoungGen      total 3584K, used 1011K [0x00000000eab00000, 0x00000000eb000000, 0x0000000100000000)
  eden space 2560K, 0% used [0x00000000eab00000,0x00000000eab00000,0x00000000ead80000)
  from space 1024K, 98% used [0x00000000eaf00000,0x00000000eaffce80,0x00000000eb000000)
  to   space 1024K, 0% used [0x00000000ead80000,0x00000000ead80000,0x00000000eae80000)
 ParOldGen       total 239104K, used 203815K [0x00000000c0000000, 0x00000000ce980000, 0x00000000eab00000)
  object space 239104K, 85% used [0x00000000c0000000,0x00000000cc709eb0,0x00000000ce980000)
 Metaspace       used 58513K, committed 59904K, reserved 1114112K
  class space    used 6107K, committed 6720K, reserved 1048576K
}
Event: 34.803 GC heap before
{Heap before GC invocations=190 (full 3):
 PSYoungGen      total 3584K, used 3571K [0x00000000eab00000, 0x00000000eb000000, 0x0000000100000000)
  eden space 2560K, 99% used [0x00000000eab00000,0x00000000ead7fff0,0x00000000ead80000)
  from space 1024K, 98% used [0x00000000eaf00000,0x00000000eaffce80,0x00000000eb000000)
  to   space 1024K, 0% used [0x00000000ead80000,0x00000000ead80000,0x00000000eae80000)
 ParOldGen       total 239104K, used 203815K [0x00000000c0000000, 0x00000000ce980000, 0x00000000eab00000)
  object space 239104K, 85% used [0x00000000c0000000,0x00000000cc709eb0,0x00000000ce980000)
 Metaspace       used 58516K, committed 59904K, reserved 1114112K
  class space    used 6107K, committed 6720K, reserved 1048576K
}
Event: 34.805 GC heap after
{Heap after GC invocations=190 (full 3):
 PSYoungGen      total 3584K, used 754K [0x00000000eab00000, 0x00000000eb000000, 0x0000000100000000)
  eden space 2560K, 0% used [0x00000000eab00000,0x00000000eab00000,0x00000000ead80000)
  from space 1024K, 73% used [0x00000000ead80000,0x00000000eae3c8b0,0x00000000eae80000)
  to   space 1024K, 0% used [0x00000000eaf00000,0x00000000eaf00000,0x00000000eb000000)
 ParOldGen       total 239104K, used 204737K [0x00000000c0000000, 0x00000000ce980000, 0x00000000eab00000)
  object space 239104K, 85% used [0x00000000c0000000,0x00000000cc7f0498,0x00000000ce980000)
 Metaspace       used 58516K, committed 59904K, reserved 1114112K
  class space    used 6107K, committed 6720K, reserved 1048576K
}
Event: 34.818 GC heap before
{Heap before GC invocations=191 (full 3):
 PSYoungGen      total 3584K, used 3314K [0x00000000eab00000, 0x00000000eb000000, 0x0000000100000000)
  eden space 2560K, 100% used [0x00000000eab00000,0x00000000ead80000,0x00000000ead80000)
  from space 1024K, 73% used [0x00000000ead80000,0x00000000eae3c8b0,0x00000000eae80000)
  to   space 1024K, 0% used [0x00000000eaf00000,0x00000000eaf00000,0x00000000eb000000)
 ParOldGen       total 239104K, used 204737K [0x00000000c0000000, 0x00000000ce980000, 0x00000000eab00000)
  object space 239104K, 85% used [0x00000000c0000000,0x00000000cc7f0498,0x00000000ce980000)
 Metaspace       used 58528K, committed 59904K, reserved 1114112K
  class space    used 6107K, committed 6720K, reserved 1048576K
}
Event: 34.820 GC heap after
{Heap after GC invocations=191 (full 3):
 PSYoungGen      total 3584K, used 992K [0x00000000eab00000, 0x00000000eb000000, 0x0000000100000000)
  eden space 2560K, 0% used [0x00000000eab00000,0x00000000eab00000,0x00000000ead80000)
  from space 1024K, 96% used [0x00000000eaf00000,0x00000000eaff81a0,0x00000000eb000000)
  to   space 1024K, 0% used [0x00000000ead80000,0x00000000ead80000,0x00000000eae80000)
 ParOldGen       total 239104K, used 205105K [0x00000000c0000000, 0x00000000ce980000, 0x00000000eab00000)
  object space 239104K, 85% used [0x00000000c0000000,0x00000000cc84c4b0,0x00000000ce980000)
 Metaspace       used 58528K, committed 59904K, reserved 1114112K
  class space    used 6107K, committed 6720K, reserved 1048576K
}
Event: 34.828 GC heap before
{Heap before GC invocations=192 (full 3):
 PSYoungGen      total 3584K, used 3552K [0x00000000eab00000, 0x00000000eb000000, 0x0000000100000000)
  eden space 2560K, 99% used [0x00000000eab00000,0x00000000ead7ffc8,0x00000000ead80000)
  from space 1024K, 96% used [0x00000000eaf00000,0x00000000eaff81a0,0x00000000eb000000)
  to   space 1024K, 0% used [0x00000000ead80000,0x00000000ead80000,0x00000000eae80000)
 ParOldGen       total 239104K, used 205105K [0x00000000c0000000, 0x00000000ce980000, 0x00000000eab00000)
  object space 239104K, 85% used [0x00000000c0000000,0x00000000cc84c4b0,0x00000000ce980000)
 Metaspace       used 58531K, committed 59904K, reserved 1114112K
  class space    used 6107K, committed 6720K, reserved 1048576K
}
Event: 34.830 GC heap after
{Heap after GC invocations=192 (full 3):
 PSYoungGen      total 3584K, used 672K [0x00000000eab00000, 0x00000000eb000000, 0x0000000100000000)
  eden space 2560K, 0% used [0x00000000eab00000,0x00000000eab00000,0x00000000ead80000)
  from space 1024K, 65% used [0x00000000ead80000,0x00000000eae28000,0x00000000eae80000)
  to   space 1024K, 0% used [0x00000000eaf00000,0x00000000eaf00000,0x00000000eb000000)
 ParOldGen       total 239104K, used 206086K [0x00000000c0000000, 0x00000000ce980000, 0x00000000eab00000)
  object space 239104K, 86% used [0x00000000c0000000,0x00000000cc941ab0,0x00000000ce980000)
 Metaspace       used 58531K, committed 59904K, reserved 1114112K
  class space    used 6107K, committed 6720K, reserved 1048576K
}
Event: 34.840 GC heap before
{Heap before GC invocations=193 (full 3):
 PSYoungGen      total 3584K, used 3232K [0x00000000eab00000, 0x00000000eb000000, 0x0000000100000000)
  eden space 2560K, 100% used [0x00000000eab00000,0x00000000ead80000,0x00000000ead80000)
  from space 1024K, 65% used [0x00000000ead80000,0x00000000eae28000,0x00000000eae80000)
  to   space 1024K, 0% used [0x00000000eaf00000,0x00000000eaf00000,0x00000000eb000000)
 ParOldGen       total 239104K, used 206086K [0x00000000c0000000, 0x00000000ce980000, 0x00000000eab00000)
  object space 239104K, 86% used [0x00000000c0000000,0x00000000cc941ab0,0x00000000ce980000)
 Metaspace       used 58538K, committed 59904K, reserved 1114112K
  class space    used 6107K, committed 6720K, reserved 1048576K
}
Event: 34.842 GC heap after
{Heap after GC invocations=193 (full 3):
 PSYoungGen      total 4096K, used 640K [0x00000000eab00000, 0x00000000eb000000, 0x0000000100000000)
  eden space 3072K, 0% used [0x00000000eab00000,0x00000000eab00000,0x00000000eae00000)
  from space 1024K, 62% used [0x00000000eaf00000,0x00000000eafa0000,0x00000000eb000000)
  to   space 1024K, 0% used [0x00000000eae00000,0x00000000eae00000,0x00000000eaf00000)
 ParOldGen       total 239104K, used 206609K [0x00000000c0000000, 0x00000000ce980000, 0x00000000eab00000)
  object space 239104K, 86% used [0x00000000c0000000,0x00000000cc9c45b0,0x00000000ce980000)
 Metaspace       used 58538K, committed 59904K, reserved 1114112K
  class space    used 6107K, committed 6720K, reserved 1048576K
}

