# JRE version: OpenJDK Runtime Environment Temurin-21.0.6+7 (21.0.6+7) (build 21.0.6+7-LTS)
# Java VM: OpenJDK 64-Bit Server VM Temurin-21.0.6+7 (21.0.6+7-LTS, mixed mode, sharing, tiered, compressed oops, compressed class ptrs, parallel gc, windows-amd64)
GC Precious Log:
 CardTable entry size: 512
 CPUs: 16 total, 16 available
 Memory: 16068M
 Large Page Support: Disabled
 NUMA Support: Disabled
 Compressed Oops: Enabled (32-bit)
 Alignments: Space 512K, Generation 512K, Heap 2M
 Heap Min Capacity: 100M
 Heap Initial Capacity: 100M
 Heap Max Capacity: 1G
 Pre-touch: Disabled
 Parallel Workers: 13
Heap:
 PSYoungGen      total 3584K, used 2651K [0x00000000eab00000, 0x00000000eb080000, 0x0000000100000000)
  eden space 2560K, 75% used [0x00000000eab00000,0x00000000eace6d98,0x00000000ead80000)
  from space 1024K, 69% used [0x00000000ead80000,0x00000000eae31358,0x00000000eae80000)
  to   space 1536K, 0% used [0x00000000eaf00000,0x00000000eaf00000,0x00000000eb080000)
 ParOldGen       total 208384K, used 208001K [0x00000000c0000000, 0x00000000ccb80000, 0x00000000eab00000)
  object space 208384K, 99% used [0x00000000c0000000,0x00000000ccb20670,0x00000000ccb80000)
 Metaspace       used 49669K, committed 50880K, reserved 1114112K
  class space    used 5165K, committed 5696K, reserved 1048576K
GC Heap History (20 events):
Event: 11.822 GC heap before
{Heap before GC invocations=100 (full 2):
 PSYoungGen      total 5632K, used 5255K [0x00000000eab00000, 0x00000000eb200000, 0x0000000100000000)
  eden space 4096K, 100% used [0x00000000eab00000,0x00000000eaf00000,0x00000000eaf00000)
  from space 1536K, 75% used [0x00000000eaf00000,0x00000000eb021ff0,0x00000000eb080000)
  to   space 1536K, 0% used [0x00000000eb080000,0x00000000eb080000,0x00000000eb200000)
 ParOldGen       total 197632K, used 197289K [0x00000000c0000000, 0x00000000cc100000, 0x00000000eab00000)
  object space 197632K, 99% used [0x00000000c0000000,0x00000000cc0aa7d8,0x00000000cc100000)
 Metaspace       used 48829K, committed 50048K, reserved 1114112K
  class space    used 5096K, committed 5632K, reserved 1048576K
}
Event: 11.824 GC heap after
{Heap after GC invocations=100 (full 2):
 PSYoungGen      total 5632K, used 1141K [0x00000000eab00000, 0x00000000eb200000, 0x0000000100000000)
  eden space 4096K, 0% used [0x00000000eab00000,0x00000000eab00000,0x00000000eaf00000)
  from space 1536K, 74% used [0x00000000eb080000,0x00000000eb19d750,0x00000000eb200000)
  to   space 1536K, 0% used [0x00000000eaf00000,0x00000000eaf00000,0x00000000eb080000)
 ParOldGen       total 198656K, used 198298K [0x00000000c0000000, 0x00000000cc200000, 0x00000000eab00000)
  object space 198656K, 99% used [0x00000000c0000000,0x00000000cc1a68a8,0x00000000cc200000)
 Metaspace       used 48829K, committed 50048K, reserved 1114112K
  class space    used 5096K, committed 5632K, reserved 1048576K
}
Event: 11.841 GC heap before
{Heap before GC invocations=101 (full 2):
 PSYoungGen      total 5632K, used 5237K [0x00000000eab00000, 0x00000000eb200000, 0x0000000100000000)
  eden space 4096K, 100% used [0x00000000eab00000,0x00000000eaf00000,0x00000000eaf00000)
  from space 1536K, 74% used [0x00000000eb080000,0x00000000eb19d750,0x00000000eb200000)
  to   space 1536K, 0% used [0x00000000eaf00000,0x00000000eaf00000,0x00000000eb080000)
 ParOldGen       total 198656K, used 198298K [0x00000000c0000000, 0x00000000cc200000, 0x00000000eab00000)
  object space 198656K, 99% used [0x00000000c0000000,0x00000000cc1a6928,0x00000000cc200000)
 Metaspace       used 48912K, committed 50176K, reserved 1114112K
  class space    used 5100K, committed 5632K, reserved 1048576K
}
Event: 11.844 GC heap after
{Heap after GC invocations=101 (full 2):
 PSYoungGen      total 5632K, used 1049K [0x00000000eab00000, 0x00000000eb200000, 0x0000000100000000)
  eden space 4096K, 0% used [0x00000000eab00000,0x00000000eab00000,0x00000000eaf00000)
  from space 1536K, 68% used [0x00000000eaf00000,0x00000000eb006638,0x00000000eb080000)
  to   space 1536K, 0% used [0x00000000eb080000,0x00000000eb080000,0x00000000eb200000)
 ParOldGen       total 199680K, used 199280K [0x00000000c0000000, 0x00000000cc300000, 0x00000000eab00000)
  object space 199680K, 99% used [0x00000000c0000000,0x00000000cc29c3b8,0x00000000cc300000)
 Metaspace       used 48912K, committed 50176K, reserved 1114112K
  class space    used 5100K, committed 5632K, reserved 1048576K
}
Event: 11.864 GC heap before
{Heap before GC invocations=102 (full 2):
 PSYoungGen      total 5632K, used 5145K [0x00000000eab00000, 0x00000000eb200000, 0x0000000100000000)
  eden space 4096K, 100% used [0x00000000eab00000,0x00000000eaf00000,0x00000000eaf00000)
  from space 1536K, 68% used [0x00000000eaf00000,0x00000000eb006638,0x00000000eb080000)
  to   space 1536K, 0% used [0x00000000eb080000,0x00000000eb080000,0x00000000eb200000)
 ParOldGen       total 199680K, used 199454K [0x00000000c0000000, 0x00000000cc300000, 0x00000000eab00000)
  object space 199680K, 99% used [0x00000000c0000000,0x00000000cc2c7b90,0x00000000cc300000)
 Metaspace       used 49001K, committed 50240K, reserved 1114112K
  class space    used 5105K, committed 5632K, reserved 1048576K
}
Event: 11.866 GC heap after
{Heap after GC invocations=102 (full 2):
 PSYoungGen      total 5120K, used 896K [0x00000000eab00000, 0x00000000eb180000, 0x0000000100000000)
  eden space 4096K, 0% used [0x00000000eab00000,0x00000000eab00000,0x00000000eaf00000)
  from space 1024K, 87% used [0x00000000eb080000,0x00000000eb160000,0x00000000eb180000)
  to   space 1024K, 0% used [0x00000000eaf80000,0x00000000eaf80000,0x00000000eb080000)
 ParOldGen       total 200704K, used 200247K [0x00000000c0000000, 0x00000000cc400000, 0x00000000eab00000)
  object space 200704K, 99% used [0x00000000c0000000,0x00000000cc38df68,0x00000000cc400000)
 Metaspace       used 49001K, committed 50240K, reserved 1114112K
  class space    used 5105K, committed 5632K, reserved 1048576K
}
Event: 11.893 GC heap before
{Heap before GC invocations=103 (full 2):
 PSYoungGen      total 5120K, used 4992K [0x00000000eab00000, 0x00000000eb180000, 0x0000000100000000)
  eden space 4096K, 100% used [0x00000000eab00000,0x00000000eaf00000,0x00000000eaf00000)
  from space 1024K, 87% used [0x00000000eb080000,0x00000000eb160000,0x00000000eb180000)
  to   space 1024K, 0% used [0x00000000eaf80000,0x00000000eaf80000,0x00000000eb080000)
 ParOldGen       total 200704K, used 200247K [0x00000000c0000000, 0x00000000cc400000, 0x00000000eab00000)
  object space 200704K, 99% used [0x00000000c0000000,0x00000000cc38df68,0x00000000cc400000)
 Metaspace       used 49056K, committed 50304K, reserved 1114112K
  class space    used 5110K, committed 5632K, reserved 1048576K
}
Event: 11.896 GC heap after
{Heap after GC invocations=103 (full 2):
 PSYoungGen      total 5120K, used 1008K [0x00000000eab00000, 0x00000000eb300000, 0x0000000100000000)
  eden space 4096K, 0% used [0x00000000eab00000,0x00000000eab00000,0x00000000eaf00000)
  from space 1024K, 98% used [0x00000000eaf80000,0x00000000eb07c270,0x00000000eb080000)
  to   space 2048K, 0% used [0x00000000eb100000,0x00000000eb100000,0x00000000eb300000)
 ParOldGen       total 201216K, used 201108K [0x00000000c0000000, 0x00000000cc480000, 0x00000000eab00000)
  object space 201216K, 99% used [0x00000000c0000000,0x00000000cc465288,0x00000000cc480000)
 Metaspace       used 49056K, committed 50304K, reserved 1114112K
  class space    used 5110K, committed 5632K, reserved 1048576K
}
Event: 11.910 GC heap before
{Heap before GC invocations=104 (full 2):
 PSYoungGen      total 5120K, used 5104K [0x00000000eab00000, 0x00000000eb300000, 0x0000000100000000)
  eden space 4096K, 100% used [0x00000000eab00000,0x00000000eaf00000,0x00000000eaf00000)
  from space 1024K, 98% used [0x00000000eaf80000,0x00000000eb07c270,0x00000000eb080000)
  to   space 2048K, 0% used [0x00000000eb100000,0x00000000eb100000,0x00000000eb300000)
 ParOldGen       total 201216K, used 201108K [0x00000000c0000000, 0x00000000cc480000, 0x00000000eab00000)
  object space 201216K, 99% used [0x00000000c0000000,0x00000000cc465288,0x00000000cc480000)
 Metaspace       used 49192K, committed 50432K, reserved 1114112K
  class space    used 5120K, committed 5632K, reserved 1048576K
}
Event: 11.913 GC heap after
{Heap after GC invocations=104 (full 2):
 PSYoungGen      total 5632K, used 1171K [0x00000000eab00000, 0x00000000eb280000, 0x0000000100000000)
  eden space 4096K, 0% used [0x00000000eab00000,0x00000000eab00000,0x00000000eaf00000)
  from space 1536K, 76% used [0x00000000eb100000,0x00000000eb224e00,0x00000000eb280000)
  to   space 1536K, 0% used [0x00000000eaf80000,0x00000000eaf80000,0x00000000eb100000)
 ParOldGen       total 202240K, used 201999K [0x00000000c0000000, 0x00000000cc580000, 0x00000000eab00000)
  object space 202240K, 99% used [0x00000000c0000000,0x00000000cc543e90,0x00000000cc580000)
 Metaspace       used 49192K, committed 50432K, reserved 1114112K
  class space    used 5120K, committed 5632K, reserved 1048576K
}
Event: 11.929 GC heap before
{Heap before GC invocations=105 (full 2):
 PSYoungGen      total 5632K, used 5267K [0x00000000eab00000, 0x00000000eb280000, 0x0000000100000000)
  eden space 4096K, 100% used [0x00000000eab00000,0x00000000eaf00000,0x00000000eaf00000)
  from space 1536K, 76% used [0x00000000eb100000,0x00000000eb224e00,0x00000000eb280000)
  to   space 1536K, 0% used [0x00000000eaf80000,0x00000000eaf80000,0x00000000eb100000)
 ParOldGen       total 202240K, used 201999K [0x00000000c0000000, 0x00000000cc580000, 0x00000000eab00000)
  object space 202240K, 99% used [0x00000000c0000000,0x00000000cc543e90,0x00000000cc580000)
 Metaspace       used 49288K, committed 50496K, reserved 1114112K
  class space    used 5128K, committed 5632K, reserved 1048576K
}
Event: 11.931 GC heap after
{Heap after GC invocations=105 (full 2):
 PSYoungGen      total 5632K, used 1102K [0x00000000eab00000, 0x00000000eb200000, 0x0000000100000000)
  eden space 4096K, 0% used [0x00000000eab00000,0x00000000eab00000,0x00000000eaf00000)
  from space 1536K, 71% used [0x00000000eaf80000,0x00000000eb093a00,0x00000000eb100000)
  to   space 1024K, 0% used [0x00000000eb100000,0x00000000eb100000,0x00000000eb200000)
 ParOldGen       total 203264K, used 202923K [0x00000000c0000000, 0x00000000cc680000, 0x00000000eab00000)
  object space 203264K, 99% used [0x00000000c0000000,0x00000000cc62adf8,0x00000000cc680000)
 Metaspace       used 49288K, committed 50496K, reserved 1114112K
  class space    used 5128K, committed 5632K, reserved 1048576K
}
Event: 11.949 GC heap before
{Heap before GC invocations=106 (full 2):
 PSYoungGen      total 5632K, used 5198K [0x00000000eab00000, 0x00000000eb200000, 0x0000000100000000)
  eden space 4096K, 100% used [0x00000000eab00000,0x00000000eaf00000,0x00000000eaf00000)
  from space 1536K, 71% used [0x00000000eaf80000,0x00000000eb093a00,0x00000000eb100000)
  to   space 1024K, 0% used [0x00000000eb100000,0x00000000eb100000,0x00000000eb200000)
 ParOldGen       total 203264K, used 202923K [0x00000000c0000000, 0x00000000cc680000, 0x00000000eab00000)
  object space 203264K, 99% used [0x00000000c0000000,0x00000000cc62adf8,0x00000000cc680000)
 Metaspace       used 49320K, committed 50496K, reserved 1114112K
  class space    used 5132K, committed 5632K, reserved 1048576K
}
Event: 11.951 GC heap after
{Heap after GC invocations=106 (full 2):
 PSYoungGen      total 4608K, used 1015K [0x00000000eab00000, 0x00000000eb400000, 0x0000000100000000)
  eden space 3584K, 0% used [0x00000000eab00000,0x00000000eab00000,0x00000000eae80000)
  from space 1024K, 99% used [0x00000000eb100000,0x00000000eb1fdca0,0x00000000eb200000)
  to   space 2560K, 0% used [0x00000000eae80000,0x00000000eae80000,0x00000000eb100000)
 ParOldGen       total 204288K, used 203835K [0x00000000c0000000, 0x00000000cc780000, 0x00000000eab00000)
  object space 204288K, 99% used [0x00000000c0000000,0x00000000cc70ee38,0x00000000cc780000)
 Metaspace       used 49320K, committed 50496K, reserved 1114112K
  class space    used 5132K, committed 5632K, reserved 1048576K
}
Event: 11.971 GC heap before
{Heap before GC invocations=107 (full 2):
 PSYoungGen      total 4608K, used 4599K [0x00000000eab00000, 0x00000000eb400000, 0x0000000100000000)
  eden space 3584K, 100% used [0x00000000eab00000,0x00000000eae80000,0x00000000eae80000)
  from space 1024K, 99% used [0x00000000eb100000,0x00000000eb1fdca0,0x00000000eb200000)
  to   space 2560K, 0% used [0x00000000eae80000,0x00000000eae80000,0x00000000eb100000)
 ParOldGen       total 204288K, used 203835K [0x00000000c0000000, 0x00000000cc780000, 0x00000000eab00000)
  object space 204288K, 99% used [0x00000000c0000000,0x00000000cc70ee38,0x00000000cc780000)
 Metaspace       used 49348K, committed 50496K, reserved 1114112K
  class space    used 5137K, committed 5632K, reserved 1048576K
}
Event: 11.974 GC heap after
{Heap after GC invocations=107 (full 2):
 PSYoungGen      total 5120K, used 1063K [0x00000000eab00000, 0x00000000eb180000, 0x0000000100000000)
  eden space 3584K, 0% used [0x00000000eab00000,0x00000000eab00000,0x00000000eae80000)
  from space 1536K, 69% used [0x00000000eae80000,0x00000000eaf89e40,0x00000000eb000000)
  to   space 1536K, 0% used [0x00000000eb000000,0x00000000eb000000,0x00000000eb180000)
 ParOldGen       total 204800K, used 204719K [0x00000000c0000000, 0x00000000cc800000, 0x00000000eab00000)
  object space 204800K, 99% used [0x00000000c0000000,0x00000000cc7ebfe0,0x00000000cc800000)
 Metaspace       used 49348K, committed 50496K, reserved 1114112K
  class space    used 5137K, committed 5632K, reserved 1048576K
}
Event: 11.988 GC heap before
{Heap before GC invocations=108 (full 2):
 PSYoungGen      total 5120K, used 4647K [0x00000000eab00000, 0x00000000eb180000, 0x0000000100000000)
  eden space 3584K, 100% used [0x00000000eab00000,0x00000000eae80000,0x00000000eae80000)
  from space 1536K, 69% used [0x00000000eae80000,0x00000000eaf89e40,0x00000000eb000000)
  to   space 1536K, 0% used [0x00000000eb000000,0x00000000eb000000,0x00000000eb180000)
 ParOldGen       total 204800K, used 204720K [0x00000000c0000000, 0x00000000cc800000, 0x00000000eab00000)
  object space 204800K, 99% used [0x00000000c0000000,0x00000000cc7ec088,0x00000000cc800000)
 Metaspace       used 49374K, committed 50560K, reserved 1114112K
  class space    used 5141K, committed 5632K, reserved 1048576K
}
Event: 11.990 GC heap after
{Heap after GC invocations=108 (full 2):
 PSYoungGen      total 5120K, used 1110K [0x00000000eab00000, 0x00000000eb180000, 0x0000000100000000)
  eden space 3584K, 0% used [0x00000000eab00000,0x00000000eab00000,0x00000000eae80000)
  from space 1536K, 72% used [0x00000000eb000000,0x00000000eb115ab8,0x00000000eb180000)
  to   space 1536K, 0% used [0x00000000eae80000,0x00000000eae80000,0x00000000eb000000)
 ParOldGen       total 205824K, used 205524K [0x00000000c0000000, 0x00000000cc900000, 0x00000000eab00000)
  object space 205824K, 99% used [0x00000000c0000000,0x00000000cc8b5398,0x00000000cc900000)
 Metaspace       used 49374K, committed 50560K, reserved 1114112K
  class space    used 5141K, committed 5632K, reserved 1048576K
}
Event: 12.007 GC heap before
{Heap before GC invocations=109 (full 2):
 PSYoungGen      total 5120K, used 4694K [0x00000000eab00000, 0x00000000eb180000, 0x0000000100000000)
  eden space 3584K, 100% used [0x00000000eab00000,0x00000000eae80000,0x00000000eae80000)
  from space 1536K, 72% used [0x00000000eb000000,0x00000000eb115ab8,0x00000000eb180000)
  to   space 1536K, 0% used [0x00000000eae80000,0x00000000eae80000,0x00000000eb000000)
 ParOldGen       total 205824K, used 205528K [0x00000000c0000000, 0x00000000cc900000, 0x00000000eab00000)
  object space 205824K, 99% used [0x00000000c0000000,0x00000000cc8b6240,0x00000000cc900000)
 Metaspace       used 49566K, committed 50816K, reserved 1114112K
  class space    used 5149K, committed 5696K, reserved 1048576K
}
Event: 12.009 GC heap after
{Heap after GC invocations=109 (full 2):
 PSYoungGen      total 4608K, used 932K [0x00000000eab00000, 0x00000000eb080000, 0x0000000100000000)
  eden space 3584K, 0% used [0x00000000eab00000,0x00000000eab00000,0x00000000eae80000)
  from space 1024K, 91% used [0x00000000eae80000,0x00000000eaf69070,0x00000000eaf80000)
  to   space 1024K, 0% used [0x00000000eaf80000,0x00000000eaf80000,0x00000000eb080000)
 ParOldGen       total 206336K, used 206298K [0x00000000c0000000, 0x00000000cc980000, 0x00000000eab00000)
  object space 206336K, 99% used [0x00000000c0000000,0x00000000cc9768c8,0x00000000cc980000)
 Metaspace       used 49566K, committed 50816K, reserved 1114112K
  class space    used 5149K, committed 5696K, reserved 1048576K
}

